server is running...
server is running...
/index.html
/login.js
/getData
/favicon.ico
server is running...--Thu Mar 14 2019 23:03:07 GMT+0800 (GMT+08:00)
/index.html--Thu Mar 14 2019 23:03:09 GMT+0800 (GMT+08:00)
/login.js--Thu Mar 14 2019 23:03:09 GMT+0800 (GMT+08:00)
/getData--Thu Mar 14 2019 23:03:09 GMT+0800 (GMT+08:00)
/favicon.ico--Thu Mar 14 2019 23:03:09 GMT+0800 (GMT+08:00)
/index.html--Thu Mar 14 2019 23:03:34 GMT+0800 (GMT+08:00)
/login.js--Thu Mar 14 2019 23:03:34 GMT+0800 (GMT+08:00)
/getData--Thu Mar 14 2019 23:03:34 GMT+0800 (GMT+08:00)
/favicon.ico--Thu Mar 14 2019 23:03:35 GMT+0800 (GMT+08:00)
(server is running...Mon Apr 01 2019 22:51:30 GMT+0800 (GMT+08:00))
(/index.htmlMon Apr 01 2019 22:52:37 GMT+0800 (GMT+08:00))
(/login.jsMon Apr 01 2019 22:52:37 GMT+0800 (GMT+08:00))
(/getDataMon Apr 01 2019 22:52:37 GMT+0800 (GMT+08:00))
(/favicon.icoMon Apr 01 2019 22:52:37 GMT+0800 (GMT+08:00))
(/index.htmlMon Apr 01 2019 22:54:21 GMT+0800 (GMT+08:00))
(/login.jsMon Apr 01 2019 22:54:21 GMT+0800 (GMT+08:00))
(/getDataMon Apr 01 2019 22:54:21 GMT+0800 (GMT+08:00))
(/favicon.icoMon Apr 01 2019 22:54:21 GMT+0800 (GMT+08:00))
(server is running...Tue Apr 02 2019 09:30:04 GMT+0800 (GMT+08:00))
(/index.htmlTue Apr 02 2019 09:30:20 GMT+0800 (GMT+08:00))
(/login.jsTue Apr 02 2019 09:30:20 GMT+0800 (GMT+08:00))
(/getDataTue Apr 02 2019 09:30:20 GMT+0800 (GMT+08:00))
(/favicon.icoTue Apr 02 2019 09:30:20 GMT+0800 (GMT+08:00))
(server is running...Tue Apr 02 2019 09:30:53 GMT+0800 (GMT+08:00))
(/index.htmlTue Apr 02 2019 09:31:01 GMT+0800 (GMT+08:00))
(/login.jsTue Apr 02 2019 09:31:01 GMT+0800 (GMT+08:00))
(/getDataTue Apr 02 2019 09:31:01 GMT+0800 (GMT+08:00))
(/favicon.icoTue Apr 02 2019 09:31:01 GMT+0800 (GMT+08:00))
(server is running...Tue Apr 02 2019 09:34:32 GMT+0800 (GMT+08:00))
(/index.htmlTue Apr 02 2019 09:35:09 GMT+0800 (GMT+08:00))
(/login.jsTue Apr 02 2019 09:35:09 GMT+0800 (GMT+08:00))
(/getDataTue Apr 02 2019 09:35:09 GMT+0800 (GMT+08:00))
(/favicon.icoTue Apr 02 2019 09:35:09 GMT+0800 (GMT+08:00))
(server is running...Tue Apr 02 2019 09:38:39 GMT+0800 (GMT+08:00))
(/index.htmlTue Apr 02 2019 09:38:43 GMT+0800 (GMT+08:00))
(/login.jsTue Apr 02 2019 09:38:43 GMT+0800 (GMT+08:00))
(/getDataTue Apr 02 2019 09:38:43 GMT+0800 (GMT+08:00))
(/favicon.icoTue Apr 02 2019 09:38:43 GMT+0800 (GMT+08:00))
(server is running...Tue Apr 02 2019 11:40:25 GMT+0800 (GMT+08:00))
(/index.htmlTue Apr 02 2019 11:40:27 GMT+0800 (GMT+08:00))
(/login.jsTue Apr 02 2019 11:40:27 GMT+0800 (GMT+08:00))
(/localhost:8888/getDataTue Apr 02 2019 11:40:27 GMT+0800 (GMT+08:00))
(/favicon.icoTue Apr 02 2019 11:40:27 GMT+0800 (GMT+08:00))
(/index.htmlTue Apr 02 2019 11:40:38 GMT+0800 (GMT+08:00))
(/login.jsTue Apr 02 2019 11:40:38 GMT+0800 (GMT+08:00))
(/localhost:8888/getDataTue Apr 02 2019 11:40:39 GMT+0800 (GMT+08:00))
(/favicon.icoTue Apr 02 2019 11:40:39 GMT+0800 (GMT+08:00))
(server is running...Tue Apr 02 2019 11:41:34 GMT+0800 (GMT+08:00))
(/index.htmlTue Apr 02 2019 11:41:36 GMT+0800 (GMT+08:00))
(/login.jsTue Apr 02 2019 11:41:36 GMT+0800 (GMT+08:00))
(/getDataTue Apr 02 2019 11:41:36 GMT+0800 (GMT+08:00))
(/favicon.icoTue Apr 02 2019 11:41:36 GMT+0800 (GMT+08:00))
(/index.htmlTue Apr 02 2019 11:43:49 GMT+0800 (GMT+08:00))
(/login.jsTue Apr 02 2019 11:43:49 GMT+0800 (GMT+08:00))
(/favicon.icoTue Apr 02 2019 11:43:50 GMT+0800 (GMT+08:00))
(/index.htmlTue Apr 02 2019 11:43:50 GMT+0800 (GMT+08:00))
(/login.jsTue Apr 02 2019 11:43:50 GMT+0800 (GMT+08:00))
(/favicon.icoTue Apr 02 2019 11:43:51 GMT+0800 (GMT+08:00))
(/index.htmlTue Apr 02 2019 11:43:51 GMT+0800 (GMT+08:00))
(/login.jsTue Apr 02 2019 11:43:51 GMT+0800 (GMT+08:00))
(/favicon.icoTue Apr 02 2019 11:43:51 GMT+0800 (GMT+08:00))
(/index.htmlTue Apr 02 2019 11:43:51 GMT+0800 (GMT+08:00))
(/login.jsTue Apr 02 2019 11:43:51 GMT+0800 (GMT+08:00))
(/favicon.icoTue Apr 02 2019 11:43:51 GMT+0800 (GMT+08:00))
(/index.htmlTue Apr 02 2019 11:43:51 GMT+0800 (GMT+08:00))
(/login.jsTue Apr 02 2019 11:43:51 GMT+0800 (GMT+08:00))
(/favicon.icoTue Apr 02 2019 11:43:51 GMT+0800 (GMT+08:00))
(server is running...Tue Apr 02 2019 11:46:00 GMT+0800 (GMT+08:00))
(/index.htmlTue Apr 02 2019 11:46:02 GMT+0800 (GMT+08:00))
(/login.jsTue Apr 02 2019 11:46:02 GMT+0800 (GMT+08:00))
(/favicon.icoTue Apr 02 2019 11:46:02 GMT+0800 (GMT+08:00))
(/index.htmlTue Apr 02 2019 11:46:03 GMT+0800 (GMT+08:00))
(/login.jsTue Apr 02 2019 11:46:03 GMT+0800 (GMT+08:00))
(/favicon.icoTue Apr 02 2019 11:46:03 GMT+0800 (GMT+08:00))
(server is running...Tue Apr 02 2019 12:10:24 GMT+0800 (GMT+08:00))
(/index.htmlTue Apr 02 2019 12:10:29 GMT+0800 (GMT+08:00))
(/login.jsTue Apr 02 2019 12:10:29 GMT+0800 (GMT+08:00))
(/favicon.icoTue Apr 02 2019 12:10:29 GMT+0800 (GMT+08:00))
(/getDataTue Apr 02 2019 12:13:33 GMT+0800 (GMT+08:00))
(server is running...Tue Apr 02 2019 15:57:50 GMT+0800 (GMT+08:00))
(/index.htmlTue Apr 02 2019 15:58:02 GMT+0800 (GMT+08:00))
(/login.jsTue Apr 02 2019 15:58:02 GMT+0800 (GMT+08:00))
(/favicon.icoTue Apr 02 2019 15:58:02 GMT+0800 (GMT+08:00))
(/getDataTue Apr 02 2019 15:58:06 GMT+0800 (GMT+08:00))
(server is running...Tue Apr 02 2019 16:06:13 GMT+0800 (GMT+08:00))
(/index.htmlTue Apr 02 2019 16:06:19 GMT+0800 (GMT+08:00))
(/login.jsTue Apr 02 2019 16:06:19 GMT+0800 (GMT+08:00))
(/favicon.icoTue Apr 02 2019 16:06:19 GMT+0800 (GMT+08:00))
(/getDataTue Apr 02 2019 16:06:53 GMT+0800 (GMT+08:00))
(server is running...Tue Apr 02 2019 16:07:14 GMT+0800 (GMT+08:00))
(/index.htmlTue Apr 02 2019 16:07:18 GMT+0800 (GMT+08:00))
(/login.jsTue Apr 02 2019 16:07:18 GMT+0800 (GMT+08:00))
(/favicon.icoTue Apr 02 2019 16:07:18 GMT+0800 (GMT+08:00))
(/getDataTue Apr 02 2019 16:07:19 GMT+0800 (GMT+08:00))
(server is running...Tue Apr 02 2019 16:08:24 GMT+0800 (GMT+08:00))
(/index.htmlTue Apr 02 2019 16:08:27 GMT+0800 (GMT+08:00))
(/login.jsTue Apr 02 2019 16:08:27 GMT+0800 (GMT+08:00))
(/favicon.icoTue Apr 02 2019 16:08:27 GMT+0800 (GMT+08:00))
(/getDataTue Apr 02 2019 16:08:29 GMT+0800 (GMT+08:00))
(server is running...Tue Apr 02 2019 16:10:11 GMT+0800 (GMT+08:00))
(/getDataTue Apr 02 2019 16:10:11 GMT+0800 (GMT+08:00))
(/index.htmlTue Apr 02 2019 16:10:14 GMT+0800 (GMT+08:00))
(/login.jsTue Apr 02 2019 16:10:15 GMT+0800 (GMT+08:00))
(/favicon.icoTue Apr 02 2019 16:10:15 GMT+0800 (GMT+08:00))
(/index.htmlTue Apr 02 2019 16:10:16 GMT+0800 (GMT+08:00))
(/login.jsTue Apr 02 2019 16:10:16 GMT+0800 (GMT+08:00))
(/favicon.icoTue Apr 02 2019 16:10:16 GMT+0800 (GMT+08:00))
(/index.htmlTue Apr 02 2019 16:10:18 GMT+0800 (GMT+08:00))
(/login.jsTue Apr 02 2019 16:10:18 GMT+0800 (GMT+08:00))
(/favicon.icoTue Apr 02 2019 16:10:19 GMT+0800 (GMT+08:00))
(server is running...Tue Apr 02 2019 16:12:53 GMT+0800 (GMT+08:00))
(/index.htmlTue Apr 02 2019 16:12:55 GMT+0800 (GMT+08:00))
(/login.jsTue Apr 02 2019 16:12:55 GMT+0800 (GMT+08:00))
(/favicon.icoTue Apr 02 2019 16:12:55 GMT+0800 (GMT+08:00))
(/index.htmlTue Apr 02 2019 16:13:00 GMT+0800 (GMT+08:00))
(/login.jsTue Apr 02 2019 16:13:00 GMT+0800 (GMT+08:00))
(/favicon.icoTue Apr 02 2019 16:13:00 GMT+0800 (GMT+08:00))
(/getDataTue Apr 02 2019 16:13:01 GMT+0800 (GMT+08:00))
(server is running...Tue Apr 02 2019 16:13:54 GMT+0800 (GMT+08:00))
(/index.htmlTue Apr 02 2019 16:13:57 GMT+0800 (GMT+08:00))
(/login.jsTue Apr 02 2019 16:13:57 GMT+0800 (GMT+08:00))
(/favicon.icoTue Apr 02 2019 16:13:57 GMT+0800 (GMT+08:00))
(/getDataTue Apr 02 2019 16:13:59 GMT+0800 (GMT+08:00))
(server is running...Tue Apr 02 2019 16:16:25 GMT+0800 (GMT+08:00))
(/index.htmlTue Apr 02 2019 16:16:30 GMT+0800 (GMT+08:00))
(/login.jsTue Apr 02 2019 16:16:30 GMT+0800 (GMT+08:00))
(/favicon.icoTue Apr 02 2019 16:16:30 GMT+0800 (GMT+08:00))
(/getAllStudentTue Apr 02 2019 16:16:31 GMT+0800 (GMT+08:00))
(server is running...Tue Apr 02 2019 16:18:11 GMT+0800 (GMT+08:00))
(/index.htmlTue Apr 02 2019 16:18:16 GMT+0800 (GMT+08:00))
(/login.jsTue Apr 02 2019 16:18:16 GMT+0800 (GMT+08:00))
(/favicon.icoTue Apr 02 2019 16:18:16 GMT+0800 (GMT+08:00))
(/getAllStudentTue Apr 02 2019 16:18:19 GMT+0800 (GMT+08:00))
(/index.htmlTue Apr 02 2019 16:19:36 GMT+0800 (GMT+08:00))
(/login.jsTue Apr 02 2019 16:19:36 GMT+0800 (GMT+08:00))
(/favicon.icoTue Apr 02 2019 16:19:36 GMT+0800 (GMT+08:00))
(server is running...Tue Apr 02 2019 16:22:15 GMT+0800 (GMT+08:00))
(/index.htmlTue Apr 02 2019 16:22:21 GMT+0800 (GMT+08:00))
(/login.jsTue Apr 02 2019 16:22:21 GMT+0800 (GMT+08:00))
(/favicon.icoTue Apr 02 2019 16:22:21 GMT+0800 (GMT+08:00))
(/index.htmlTue Apr 02 2019 16:22:22 GMT+0800 (GMT+08:00))
(/login.jsTue Apr 02 2019 16:22:22 GMT+0800 (GMT+08:00))
(/favicon.icoTue Apr 02 2019 16:22:22 GMT+0800 (GMT+08:00))
(/getAllStudentTue Apr 02 2019 16:22:23 GMT+0800 (GMT+08:00))
(/index.htmlTue Apr 02 2019 16:27:16 GMT+0800 (GMT+08:00))
(/login.jsTue Apr 02 2019 16:27:16 GMT+0800 (GMT+08:00))
(/favicon.icoTue Apr 02 2019 16:27:16 GMT+0800 (GMT+08:00))
(server is running...Tue Apr 02 2019 16:27:43 GMT+0800 (GMT+08:00))
(/index.htmlTue Apr 02 2019 16:27:46 GMT+0800 (GMT+08:00))
(/login.jsTue Apr 02 2019 16:27:46 GMT+0800 (GMT+08:00))
(/favicon.icoTue Apr 02 2019 16:27:46 GMT+0800 (GMT+08:00))
(/getAllStudentTue Apr 02 2019 16:27:48 GMT+0800 (GMT+08:00))
(server is running...Tue Apr 02 2019 16:28:23 GMT+0800 (GMT+08:00))
(/index.htmlTue Apr 02 2019 16:28:44 GMT+0800 (GMT+08:00))
(/login.jsTue Apr 02 2019 16:28:44 GMT+0800 (GMT+08:00))
(/favicon.icoTue Apr 02 2019 16:28:44 GMT+0800 (GMT+08:00))
(/getAllStudentTue Apr 02 2019 16:28:45 GMT+0800 (GMT+08:00))
(/index.htmlTue Apr 02 2019 16:32:04 GMT+0800 (GMT+08:00))
(/login.jsTue Apr 02 2019 16:32:04 GMT+0800 (GMT+08:00))
(/favicon.icoTue Apr 02 2019 16:32:05 GMT+0800 (GMT+08:00))
(server is running...Tue Apr 02 2019 16:32:25 GMT+0800 (GMT+08:00))
(/index.htmlTue Apr 02 2019 16:32:28 GMT+0800 (GMT+08:00))
(/login.jsTue Apr 02 2019 16:32:28 GMT+0800 (GMT+08:00))
(/favicon.icoTue Apr 02 2019 16:32:28 GMT+0800 (GMT+08:00))
(/getAllStudentTue Apr 02 2019 16:32:29 GMT+0800 (GMT+08:00))
(server is running...Tue Apr 02 2019 16:34:54 GMT+0800 (GMT+08:00))
(/index.htmlTue Apr 02 2019 16:34:56 GMT+0800 (GMT+08:00))
(/login.jsTue Apr 02 2019 16:34:56 GMT+0800 (GMT+08:00))
(/favicon.icoTue Apr 02 2019 16:34:56 GMT+0800 (GMT+08:00))
(/getAllStudentTue Apr 02 2019 16:34:58 GMT+0800 (GMT+08:00))
(server is running...Mon Apr 08 2019 10:51:10 GMT+0800 (GMT+08:00))
(/index.htmlMon Apr 08 2019 10:51:39 GMT+0800 (GMT+08:00))
(/favicon.icoMon Apr 08 2019 10:51:41 GMT+0800 (GMT+08:00))
(/login.htmlMon Apr 08 2019 10:51:56 GMT+0800 (GMT+08:00))
(/ajax.jsMon Apr 08 2019 10:51:56 GMT+0800 (GMT+08:00))
(/favicon.icoMon Apr 08 2019 10:51:56 GMT+0800 (GMT+08:00))
(/loginMon Apr 08 2019 10:52:14 GMT+0800 (GMT+08:00))
(/login.htmlMon Apr 08 2019 10:52:25 GMT+0800 (GMT+08:00))
(/ajax.jsMon Apr 08 2019 10:52:25 GMT+0800 (GMT+08:00))
(/favicon.icoMon Apr 08 2019 10:52:25 GMT+0800 (GMT+08:00))
(/loginMon Apr 08 2019 10:52:33 GMT+0800 (GMT+08:00))
(/login.htmlMon Apr 08 2019 10:54:41 GMT+0800 (GMT+08:00))
(/ajax.jsMon Apr 08 2019 10:54:41 GMT+0800 (GMT+08:00))
(/favicon.icoMon Apr 08 2019 10:54:41 GMT+0800 (GMT+08:00))
(/loginMon Apr 08 2019 10:54:48 GMT+0800 (GMT+08:00))
(/login.htmlMon Apr 08 2019 10:55:59 GMT+0800 (GMT+08:00))
(/ajax.jsMon Apr 08 2019 10:55:59 GMT+0800 (GMT+08:00))
(/favicon.icoMon Apr 08 2019 10:55:59 GMT+0800 (GMT+08:00))
(/login.htmlMon Apr 08 2019 10:57:56 GMT+0800 (GMT+08:00))
(/ajax.jsMon Apr 08 2019 10:57:56 GMT+0800 (GMT+08:00))
(/favicon.icoMon Apr 08 2019 10:57:56 GMT+0800 (GMT+08:00))
(/loginMon Apr 08 2019 10:58:03 GMT+0800 (GMT+08:00))
(/loginMon Apr 08 2019 11:00:03 GMT+0800 (GMT+08:00))
(server is running...Mon Apr 08 2019 11:01:13 GMT+0800 (GMT+08:00))
(/login.htmlMon Apr 08 2019 11:01:16 GMT+0800 (GMT+08:00))
(/ajax.jsMon Apr 08 2019 11:01:16 GMT+0800 (GMT+08:00))
(/favicon.icoMon Apr 08 2019 11:01:16 GMT+0800 (GMT+08:00))
(/loginMon Apr 08 2019 11:01:22 GMT+0800 (GMT+08:00))
(server is running...Mon Apr 08 2019 11:02:25 GMT+0800 (GMT+08:00))
(/login.htmlMon Apr 08 2019 11:02:27 GMT+0800 (GMT+08:00))
(/ajax.jsMon Apr 08 2019 11:02:27 GMT+0800 (GMT+08:00))
(/favicon.icoMon Apr 08 2019 11:02:27 GMT+0800 (GMT+08:00))
(/loginMon Apr 08 2019 11:02:36 GMT+0800 (GMT+08:00))
(server is running...Mon Apr 08 2019 11:03:24 GMT+0800 (GMT+08:00))
(/login.htmlMon Apr 08 2019 11:03:26 GMT+0800 (GMT+08:00))
(/ajax.jsMon Apr 08 2019 11:03:26 GMT+0800 (GMT+08:00))
(/favicon.icoMon Apr 08 2019 11:03:26 GMT+0800 (GMT+08:00))
(/loginMon Apr 08 2019 11:03:31 GMT+0800 (GMT+08:00))
(server is running...Mon Apr 08 2019 11:06:30 GMT+0800 (GMT+08:00))
(/login.htmlMon Apr 08 2019 11:06:32 GMT+0800 (GMT+08:00))
(/ajax.jsMon Apr 08 2019 11:06:32 GMT+0800 (GMT+08:00))
(/favicon.icoMon Apr 08 2019 11:06:32 GMT+0800 (GMT+08:00))
(/login.htmlMon Apr 08 2019 11:06:42 GMT+0800 (GMT+08:00))
(/ajax.jsMon Apr 08 2019 11:06:42 GMT+0800 (GMT+08:00))
(/favicon.icoMon Apr 08 2019 11:06:42 GMT+0800 (GMT+08:00))
(/loginMon Apr 08 2019 11:06:56 GMT+0800 (GMT+08:00))
(server is running...Mon Apr 08 2019 11:09:01 GMT+0800 (GMT+08:00))
(/login.htmlMon Apr 08 2019 11:09:03 GMT+0800 (GMT+08:00))
(/ajax.jsMon Apr 08 2019 11:09:03 GMT+0800 (GMT+08:00))
(/favicon.icoMon Apr 08 2019 11:09:04 GMT+0800 (GMT+08:00))
(/login.htmlMon Apr 08 2019 11:09:12 GMT+0800 (GMT+08:00))
(/ajax.jsMon Apr 08 2019 11:09:12 GMT+0800 (GMT+08:00))
(/favicon.icoMon Apr 08 2019 11:09:12 GMT+0800 (GMT+08:00))
(/loginMon Apr 08 2019 11:09:30 GMT+0800 (GMT+08:00))
(/login.htmlMon Apr 08 2019 11:11:10 GMT+0800 (GMT+08:00))
(/ajax.jsMon Apr 08 2019 11:11:10 GMT+0800 (GMT+08:00))
(/favicon.icoMon Apr 08 2019 11:11:10 GMT+0800 (GMT+08:00))
(server is running...Mon Apr 08 2019 11:11:14 GMT+0800 (GMT+08:00))
(/login.htmlMon Apr 08 2019 11:11:16 GMT+0800 (GMT+08:00))
(/ajax.jsMon Apr 08 2019 11:11:16 GMT+0800 (GMT+08:00))
(/favicon.icoMon Apr 08 2019 11:11:17 GMT+0800 (GMT+08:00))
(/loginMon Apr 08 2019 11:11:22 GMT+0800 (GMT+08:00))
(server is running...Mon Apr 08 2019 11:12:59 GMT+0800 (GMT+08:00))
(/loginMon Apr 08 2019 11:12:59 GMT+0800 (GMT+08:00))
(/login.htmlMon Apr 08 2019 11:13:28 GMT+0800 (GMT+08:00))
(/ajax.jsMon Apr 08 2019 11:13:28 GMT+0800 (GMT+08:00))
(/favicon.icoMon Apr 08 2019 11:13:28 GMT+0800 (GMT+08:00))
(/loginMon Apr 08 2019 11:13:33 GMT+0800 (GMT+08:00))
(/loginMon Apr 08 2019 11:15:33 GMT+0800 (GMT+08:00))
(server is running...Mon Apr 08 2019 11:16:01 GMT+0800 (GMT+08:00))
(/login.htmlMon Apr 08 2019 11:16:02 GMT+0800 (GMT+08:00))
(/ajax.jsMon Apr 08 2019 11:16:02 GMT+0800 (GMT+08:00))
(/favicon.icoMon Apr 08 2019 11:16:02 GMT+0800 (GMT+08:00))
(/login.htmlMon Apr 08 2019 11:16:14 GMT+0800 (GMT+08:00))
(/ajax.jsMon Apr 08 2019 11:16:14 GMT+0800 (GMT+08:00))
(/favicon.icoMon Apr 08 2019 11:16:14 GMT+0800 (GMT+08:00))
(/loginMon Apr 08 2019 11:16:37 GMT+0800 (GMT+08:00))
(server is running...Mon Apr 08 2019 11:19:55 GMT+0800 (GMT+08:00))
(/login.htmlMon Apr 08 2019 11:19:57 GMT+0800 (GMT+08:00))
(/ajax.jsMon Apr 08 2019 11:19:57 GMT+0800 (GMT+08:00))
(/favicon.icoMon Apr 08 2019 11:19:58 GMT+0800 (GMT+08:00))
(/loginMon Apr 08 2019 11:20:11 GMT+0800 (GMT+08:00))
(server is running...Mon Apr 08 2019 11:20:31 GMT+0800 (GMT+08:00))
(/login.htmlMon Apr 08 2019 11:20:33 GMT+0800 (GMT+08:00))
(/ajax.jsMon Apr 08 2019 11:20:34 GMT+0800 (GMT+08:00))
(/favicon.icoMon Apr 08 2019 11:20:34 GMT+0800 (GMT+08:00))
(/loginMon Apr 08 2019 11:20:39 GMT+0800 (GMT+08:00))
(server is running...Mon Apr 08 2019 11:22:20 GMT+0800 (GMT+08:00))
(/loginMon Apr 08 2019 11:22:20 GMT+0800 (GMT+08:00))
(/login.htmlMon Apr 08 2019 11:22:53 GMT+0800 (GMT+08:00))
(/ajax.jsMon Apr 08 2019 11:22:53 GMT+0800 (GMT+08:00))
(/favicon.icoMon Apr 08 2019 11:22:53 GMT+0800 (GMT+08:00))
(/loginMon Apr 08 2019 11:23:01 GMT+0800 (GMT+08:00))
(server is running...Mon Apr 08 2019 11:24:10 GMT+0800 (GMT+08:00))
(/login.htmlMon Apr 08 2019 11:24:18 GMT+0800 (GMT+08:00))
(/ajax.jsMon Apr 08 2019 11:24:18 GMT+0800 (GMT+08:00))
(/favicon.icoMon Apr 08 2019 11:24:19 GMT+0800 (GMT+08:00))
(/loginMon Apr 08 2019 11:24:23 GMT+0800 (GMT+08:00))
(/loginMon Apr 08 2019 11:28:02 GMT+0800 (GMT+08:00))
(/login.htmlMon Apr 08 2019 11:28:08 GMT+0800 (GMT+08:00))
(/ajax.jsMon Apr 08 2019 11:28:08 GMT+0800 (GMT+08:00))
(/favicon.icoMon Apr 08 2019 11:28:08 GMT+0800 (GMT+08:00))
(/loginMon Apr 08 2019 11:28:15 GMT+0800 (GMT+08:00))
(/loginMon Apr 08 2019 11:28:23 GMT+0800 (GMT+08:00))
(server is running...Mon Apr 08 2019 15:03:14 GMT+0800 (GMT+08:00))
(/login.htmlMon Apr 08 2019 15:04:05 GMT+0800 (GMT+08:00))
(/ajax.jsMon Apr 08 2019 15:04:05 GMT+0800 (GMT+08:00))
(/favicon.icoMon Apr 08 2019 15:04:06 GMT+0800 (GMT+08:00))
(server is running...Mon Apr 08 2019 15:04:15 GMT+0800 (GMT+08:00))
(/login.htmlMon Apr 08 2019 15:04:16 GMT+0800 (GMT+08:00))
(/ajax.jsMon Apr 08 2019 15:04:17 GMT+0800 (GMT+08:00))
(/favicon.icoMon Apr 08 2019 15:04:17 GMT+0800 (GMT+08:00))
(server is running...Mon Apr 08 2019 15:08:04 GMT+0800 (GMT+08:00))
(/loginMon Apr 08 2019 15:08:10 GMT+0800 (GMT+08:00))
(/login.htmlMon Apr 08 2019 15:08:24 GMT+0800 (GMT+08:00))
(/ajax.jsMon Apr 08 2019 15:08:24 GMT+0800 (GMT+08:00))
(/favicon.icoMon Apr 08 2019 15:08:24 GMT+0800 (GMT+08:00))
(/loginMon Apr 08 2019 15:08:27 GMT+0800 (GMT+08:00))
(server is running...Mon Apr 08 2019 15:09:25 GMT+0800 (GMT+08:00))
(/loginMon Apr 08 2019 15:09:26 GMT+0800 (GMT+08:00))
(/loginMon Apr 08 2019 15:09:37 GMT+0800 (GMT+08:00))
(/loginMon Apr 08 2019 15:10:04 GMT+0800 (GMT+08:00))
(server is running...Mon Apr 08 2019 15:13:04 GMT+0800 (GMT+08:00))
(/login.htmlMon Apr 08 2019 15:13:05 GMT+0800 (GMT+08:00))
(/ajax.jsMon Apr 08 2019 15:13:05 GMT+0800 (GMT+08:00))
(/favicon.icoMon Apr 08 2019 15:13:05 GMT+0800 (GMT+08:00))
(/loginMon Apr 08 2019 15:13:08 GMT+0800 (GMT+08:00))
(/loginMon Apr 08 2019 15:13:23 GMT+0800 (GMT+08:00))
(/login.htmlMon Apr 08 2019 15:17:12 GMT+0800 (GMT+08:00))
(/ajax.jsMon Apr 08 2019 15:17:12 GMT+0800 (GMT+08:00))
(/favicon.icoMon Apr 08 2019 15:17:12 GMT+0800 (GMT+08:00))
(/loginMon Apr 08 2019 15:17:15 GMT+0800 (GMT+08:00))
(/login.htmlMon Apr 08 2019 15:18:27 GMT+0800 (GMT+08:00))
(/ajax.jsMon Apr 08 2019 15:18:27 GMT+0800 (GMT+08:00))
(/favicon.icoMon Apr 08 2019 15:18:27 GMT+0800 (GMT+08:00))
(/loginMon Apr 08 2019 15:18:29 GMT+0800 (GMT+08:00))
(/loginMon Apr 08 2019 15:19:08 GMT+0800 (GMT+08:00))
(/login.htmlMon Apr 08 2019 15:19:30 GMT+0800 (GMT+08:00))
(/ajax.jsMon Apr 08 2019 15:19:30 GMT+0800 (GMT+08:00))
(/favicon.icoMon Apr 08 2019 15:19:30 GMT+0800 (GMT+08:00))
(/loginMon Apr 08 2019 15:19:34 GMT+0800 (GMT+08:00))
(/index.htmlMon Apr 08 2019 15:20:41 GMT+0800 (GMT+08:00))
(/favicon.icoMon Apr 08 2019 15:20:41 GMT+0800 (GMT+08:00))
(/favicon.icoMon Apr 08 2019 15:20:43 GMT+0800 (GMT+08:00))
(/loginMon Apr 08 2019 15:20:47 GMT+0800 (GMT+08:00))
(/login.htmlMon Apr 08 2019 15:21:51 GMT+0800 (GMT+08:00))
(/ajax.jsMon Apr 08 2019 15:21:51 GMT+0800 (GMT+08:00))
(/favicon.icoMon Apr 08 2019 15:21:51 GMT+0800 (GMT+08:00))
(/loginMon Apr 08 2019 15:21:55 GMT+0800 (GMT+08:00))
(/index.htmlMon Apr 08 2019 15:21:56 GMT+0800 (GMT+08:00))
(/favicon.icoMon Apr 08 2019 15:21:56 GMT+0800 (GMT+08:00))
(server is running...Mon Apr 08 2019 15:26:32 GMT+0800 (GMT+08:00))
(/favicon.icoMon Apr 08 2019 15:26:34 GMT+0800 (GMT+08:00))
(/loginMon Apr 08 2019 15:26:50 GMT+0800 (GMT+08:00))
(/loginMon Apr 08 2019 15:26:59 GMT+0800 (GMT+08:00))
(/index.htmlMon Apr 08 2019 15:27:00 GMT+0800 (GMT+08:00))
(/favicon.icoMon Apr 08 2019 15:27:01 GMT+0800 (GMT+08:00))
(/index.htmlMon Apr 08 2019 15:31:42 GMT+0800 (GMT+08:00))
(/favicon.icoMon Apr 08 2019 15:31:42 GMT+0800 (GMT+08:00))
(/favicon.icoMon Apr 08 2019 15:31:43 GMT+0800 (GMT+08:00))
(/login.htmlMon Apr 08 2019 15:31:44 GMT+0800 (GMT+08:00))
(/ajax.jsMon Apr 08 2019 15:31:44 GMT+0800 (GMT+08:00))
(/favicon.icoMon Apr 08 2019 15:31:44 GMT+0800 (GMT+08:00))
(/loginMon Apr 08 2019 15:31:49 GMT+0800 (GMT+08:00))
(/loginMon Apr 08 2019 15:31:49 GMT+0800 (GMT+08:00))
(/index.htmlMon Apr 08 2019 15:31:50 GMT+0800 (GMT+08:00))
(/favicon.icoMon Apr 08 2019 15:31:51 GMT+0800 (GMT+08:00))
(/index.htmlMon Apr 08 2019 15:32:39 GMT+0800 (GMT+08:00))
(/favicon.icoMon Apr 08 2019 15:32:39 GMT+0800 (GMT+08:00))
(/index.htmlMon Apr 08 2019 15:32:39 GMT+0800 (GMT+08:00))
(/favicon.icoMon Apr 08 2019 15:32:39 GMT+0800 (GMT+08:00))
(/favicon.icoMon Apr 08 2019 15:32:40 GMT+0800 (GMT+08:00))
(/login.htmlMon Apr 08 2019 15:32:40 GMT+0800 (GMT+08:00))
(/ajax.jsMon Apr 08 2019 15:32:41 GMT+0800 (GMT+08:00))
(/favicon.icoMon Apr 08 2019 15:32:41 GMT+0800 (GMT+08:00))
(/loginMon Apr 08 2019 15:32:44 GMT+0800 (GMT+08:00))
(/favicon.icoMon Apr 08 2019 15:32:44 GMT+0800 (GMT+08:00))
(/loginMon Apr 08 2019 15:32:49 GMT+0800 (GMT+08:00))
(/favicon.icoMon Apr 08 2019 15:32:49 GMT+0800 (GMT+08:00))
(/favicon.icoMon Apr 08 2019 15:32:50 GMT+0800 (GMT+08:00))
(/loginMon Apr 08 2019 15:32:54 GMT+0800 (GMT+08:00))
(/favicon.icoMon Apr 08 2019 15:32:54 GMT+0800 (GMT+08:00))
(server is running...Mon Apr 08 2019 15:36:25 GMT+0800 (GMT+08:00))
(/loginMon Apr 08 2019 15:36:27 GMT+0800 (GMT+08:00))
(/index.htmlMon Apr 08 2019 15:36:27 GMT+0800 (GMT+08:00))
(/favicon.icoMon Apr 08 2019 15:36:28 GMT+0800 (GMT+08:00))
(/login.htmlMon Apr 08 2019 15:36:28 GMT+0800 (GMT+08:00))
(/ajax.jsMon Apr 08 2019 15:36:28 GMT+0800 (GMT+08:00))
(/favicon.icoMon Apr 08 2019 15:36:28 GMT+0800 (GMT+08:00))
(/loginMon Apr 08 2019 15:36:33 GMT+0800 (GMT+08:00))
(/index.htmlMon Apr 08 2019 15:36:33 GMT+0800 (GMT+08:00))
(/favicon.icoMon Apr 08 2019 15:36:33 GMT+0800 (GMT+08:00))
(server is running...Mon Apr 08 2019 19:02:41 GMT+0800 (GMT+08:00))
(/index.htmlMon Apr 08 2019 19:02:44 GMT+0800 (GMT+08:00))
(/favicon.icoMon Apr 08 2019 19:02:44 GMT+0800 (GMT+08:00))
(/favicon.icoMon Apr 08 2019 19:02:45 GMT+0800 (GMT+08:00))
(/login.htmlMon Apr 08 2019 19:02:45 GMT+0800 (GMT+08:00))
(/ajax.jsMon Apr 08 2019 19:02:45 GMT+0800 (GMT+08:00))
(/favicon.icoMon Apr 08 2019 19:02:45 GMT+0800 (GMT+08:00))
(/login.htmlMon Apr 08 2019 19:03:05 GMT+0800 (GMT+08:00))
(/ajax.jsMon Apr 08 2019 19:03:05 GMT+0800 (GMT+08:00))
(/favicon.icoMon Apr 08 2019 19:03:05 GMT+0800 (GMT+08:00))
(/login.htmlMon Apr 08 2019 19:03:47 GMT+0800 (GMT+08:00))
(/ajax.jsMon Apr 08 2019 19:03:47 GMT+0800 (GMT+08:00))
(/favicon.icoMon Apr 08 2019 19:03:47 GMT+0800 (GMT+08:00))
(/login.htmlMon Apr 08 2019 19:03:47 GMT+0800 (GMT+08:00))
(/ajax.jsMon Apr 08 2019 19:03:47 GMT+0800 (GMT+08:00))
(/favicon.icoMon Apr 08 2019 19:03:47 GMT+0800 (GMT+08:00))
(/login.htmlMon Apr 08 2019 19:04:06 GMT+0800 (GMT+08:00))
(/ajax.jsMon Apr 08 2019 19:04:06 GMT+0800 (GMT+08:00))
(/favicon.icoMon Apr 08 2019 19:04:06 GMT+0800 (GMT+08:00))
(/login.htmlMon Apr 08 2019 19:04:16 GMT+0800 (GMT+08:00))
(/ajax.jsMon Apr 08 2019 19:04:16 GMT+0800 (GMT+08:00))
(/favicon.icoMon Apr 08 2019 19:04:17 GMT+0800 (GMT+08:00))
(/loginMon Apr 08 2019 19:04:26 GMT+0800 (GMT+08:00))
(/loginMon Apr 08 2019 19:04:35 GMT+0800 (GMT+08:00))
(/loginMon Apr 08 2019 19:04:47 GMT+0800 (GMT+08:00))
(/login.htmlMon Apr 08 2019 19:04:50 GMT+0800 (GMT+08:00))
(/ajax.jsMon Apr 08 2019 19:04:50 GMT+0800 (GMT+08:00))
(/favicon.icoMon Apr 08 2019 19:04:50 GMT+0800 (GMT+08:00))
(server is running...Mon Apr 08 2019 20:05:32 GMT+0800 (GMT+08:00))
(/index.htmlMon Apr 08 2019 20:05:46 GMT+0800 (GMT+08:00))
(/favicon.icoMon Apr 08 2019 20:05:46 GMT+0800 (GMT+08:00))
(/index.htmlMon Apr 08 2019 20:06:01 GMT+0800 (GMT+08:00))
(/favicon.icoMon Apr 08 2019 20:06:01 GMT+0800 (GMT+08:00))
(server is running...Mon Apr 08 2019 20:06:39 GMT+0800 (GMT+08:00))
(/index.htmlMon Apr 08 2019 20:06:40 GMT+0800 (GMT+08:00))
(/favicon.icoMon Apr 08 2019 20:06:41 GMT+0800 (GMT+08:00))
(server is running...Mon Apr 08 2019 20:07:21 GMT+0800 (GMT+08:00))
(server is running...Mon Apr 08 2019 20:08:15 GMT+0800 (GMT+08:00))
(/index.htmlMon Apr 08 2019 20:08:17 GMT+0800 (GMT+08:00))
(/favicon.icoMon Apr 08 2019 20:08:17 GMT+0800 (GMT+08:00))
(server is running...Mon Apr 08 2019 20:10:52 GMT+0800 (GMT+08:00))
(/index.htmlMon Apr 08 2019 20:10:54 GMT+0800 (GMT+08:00))
(/index.htmlMon Apr 08 2019 20:10:54 GMT+0800 (GMT+08:00))
(/index.htmlMon Apr 08 2019 20:10:54 GMT+0800 (GMT+08:00))
(/index.htmlMon Apr 08 2019 20:10:54 GMT+0800 (GMT+08:00))
(/index.htmlMon Apr 08 2019 20:10:54 GMT+0800 (GMT+08:00))
(/index.htmlMon Apr 08 2019 20:10:54 GMT+0800 (GMT+08:00))
(/index.htmlMon Apr 08 2019 20:10:54 GMT+0800 (GMT+08:00))
(/index.htmlMon Apr 08 2019 20:10:54 GMT+0800 (GMT+08:00))
(/index.htmlMon Apr 08 2019 20:10:54 GMT+0800 (GMT+08:00))
(/index.htmlMon Apr 08 2019 20:10:54 GMT+0800 (GMT+08:00))
(/index.htmlMon Apr 08 2019 20:10:54 GMT+0800 (GMT+08:00))
(/index.htmlMon Apr 08 2019 20:10:54 GMT+0800 (GMT+08:00))
(/index.htmlMon Apr 08 2019 20:10:54 GMT+0800 (GMT+08:00))
(/index.htmlMon Apr 08 2019 20:10:54 GMT+0800 (GMT+08:00))
(/index.htmlMon Apr 08 2019 20:10:54 GMT+0800 (GMT+08:00))
(/index.htmlMon Apr 08 2019 20:10:54 GMT+0800 (GMT+08:00))
(/index.htmlMon Apr 08 2019 20:10:54 GMT+0800 (GMT+08:00))
(/index.htmlMon Apr 08 2019 20:10:54 GMT+0800 (GMT+08:00))
(/index.htmlMon Apr 08 2019 20:10:54 GMT+0800 (GMT+08:00))
(/index.htmlMon Apr 08 2019 20:10:54 GMT+0800 (GMT+08:00))
(/index.htmlMon Apr 08 2019 20:10:55 GMT+0800 (GMT+08:00))
(/index.htmlMon Apr 08 2019 20:10:55 GMT+0800 (GMT+08:00))
(/index.htmlMon Apr 08 2019 20:10:55 GMT+0800 (GMT+08:00))
(/index.htmlMon Apr 08 2019 20:10:55 GMT+0800 (GMT+08:00))
(/index.htmlMon Apr 08 2019 20:10:55 GMT+0800 (GMT+08:00))
(/index.htmlMon Apr 08 2019 20:10:55 GMT+0800 (GMT+08:00))
(/index.htmlMon Apr 08 2019 20:10:55 GMT+0800 (GMT+08:00))
(/index.htmlMon Apr 08 2019 20:10:55 GMT+0800 (GMT+08:00))
(/index.htmlMon Apr 08 2019 20:10:55 GMT+0800 (GMT+08:00))
(/index.htmlMon Apr 08 2019 20:10:55 GMT+0800 (GMT+08:00))
(/index.htmlMon Apr 08 2019 20:10:55 GMT+0800 (GMT+08:00))
(/index.htmlMon Apr 08 2019 20:10:55 GMT+0800 (GMT+08:00))
(/index.htmlMon Apr 08 2019 20:10:55 GMT+0800 (GMT+08:00))
(/index.htmlMon Apr 08 2019 20:10:55 GMT+0800 (GMT+08:00))
(/index.htmlMon Apr 08 2019 20:10:55 GMT+0800 (GMT+08:00))
(/index.htmlMon Apr 08 2019 20:10:55 GMT+0800 (GMT+08:00))
(/index.htmlMon Apr 08 2019 20:10:55 GMT+0800 (GMT+08:00))
(/index.htmlMon Apr 08 2019 20:10:55 GMT+0800 (GMT+08:00))
(/index.htmlMon Apr 08 2019 20:10:55 GMT+0800 (GMT+08:00))
(/index.htmlMon Apr 08 2019 20:10:55 GMT+0800 (GMT+08:00))
(/index.htmlMon Apr 08 2019 20:11:02 GMT+0800 (GMT+08:00))
(/index.htmlMon Apr 08 2019 20:11:02 GMT+0800 (GMT+08:00))
(/index.htmlMon Apr 08 2019 20:11:02 GMT+0800 (GMT+08:00))
(/index.htmlMon Apr 08 2019 20:11:02 GMT+0800 (GMT+08:00))
(/index.htmlMon Apr 08 2019 20:11:02 GMT+0800 (GMT+08:00))
(/index.htmlMon Apr 08 2019 20:11:02 GMT+0800 (GMT+08:00))
(/index.htmlMon Apr 08 2019 20:11:02 GMT+0800 (GMT+08:00))
(/index.htmlMon Apr 08 2019 20:11:02 GMT+0800 (GMT+08:00))
(/index.htmlMon Apr 08 2019 20:11:02 GMT+0800 (GMT+08:00))
(/index.htmlMon Apr 08 2019 20:11:02 GMT+0800 (GMT+08:00))
(/index.htmlMon Apr 08 2019 20:11:02 GMT+0800 (GMT+08:00))
(/index.htmlMon Apr 08 2019 20:11:02 GMT+0800 (GMT+08:00))
(/index.htmlMon Apr 08 2019 20:11:02 GMT+0800 (GMT+08:00))
(/index.htmlMon Apr 08 2019 20:11:02 GMT+0800 (GMT+08:00))
(/index.htmlMon Apr 08 2019 20:11:02 GMT+0800 (GMT+08:00))
(/index.htmlMon Apr 08 2019 20:11:02 GMT+0800 (GMT+08:00))
(/index.htmlMon Apr 08 2019 20:11:02 GMT+0800 (GMT+08:00))
(/index.htmlMon Apr 08 2019 20:11:02 GMT+0800 (GMT+08:00))
(/index.htmlMon Apr 08 2019 20:11:02 GMT+0800 (GMT+08:00))
(/index.htmlMon Apr 08 2019 20:11:02 GMT+0800 (GMT+08:00))
(/index.htmlMon Apr 08 2019 20:11:44 GMT+0800 (GMT+08:00))
(/index.htmlMon Apr 08 2019 20:11:44 GMT+0800 (GMT+08:00))
(/index.htmlMon Apr 08 2019 20:11:44 GMT+0800 (GMT+08:00))
(/index.htmlMon Apr 08 2019 20:11:44 GMT+0800 (GMT+08:00))
(/index.htmlMon Apr 08 2019 20:11:44 GMT+0800 (GMT+08:00))
(/index.htmlMon Apr 08 2019 20:11:44 GMT+0800 (GMT+08:00))
(/index.htmlMon Apr 08 2019 20:11:44 GMT+0800 (GMT+08:00))
(/index.htmlMon Apr 08 2019 20:11:44 GMT+0800 (GMT+08:00))
(/index.htmlMon Apr 08 2019 20:11:44 GMT+0800 (GMT+08:00))
(/index.htmlMon Apr 08 2019 20:11:44 GMT+0800 (GMT+08:00))
(/index.htmlMon Apr 08 2019 20:11:44 GMT+0800 (GMT+08:00))
(/index.htmlMon Apr 08 2019 20:11:44 GMT+0800 (GMT+08:00))
(/index.htmlMon Apr 08 2019 20:11:44 GMT+0800 (GMT+08:00))
(/index.htmlMon Apr 08 2019 20:11:44 GMT+0800 (GMT+08:00))
(/index.htmlMon Apr 08 2019 20:11:44 GMT+0800 (GMT+08:00))
(/index.htmlMon Apr 08 2019 20:11:44 GMT+0800 (GMT+08:00))
(/index.htmlMon Apr 08 2019 20:11:44 GMT+0800 (GMT+08:00))
(/index.htmlMon Apr 08 2019 20:11:44 GMT+0800 (GMT+08:00))
(/index.htmlMon Apr 08 2019 20:11:44 GMT+0800 (GMT+08:00))
(/index.htmlMon Apr 08 2019 20:11:45 GMT+0800 (GMT+08:00))
(server is running...Mon Apr 08 2019 20:11:50 GMT+0800 (GMT+08:00))
(/index.htmlMon Apr 08 2019 20:11:51 GMT+0800 (GMT+08:00))
(/login.htmlMon Apr 08 2019 20:11:51 GMT+0800 (GMT+08:00))
(/ajax.jsMon Apr 08 2019 20:11:51 GMT+0800 (GMT+08:00))
(/favicon.icoMon Apr 08 2019 20:11:52 GMT+0800 (GMT+08:00))
(/lo.htmlMon Apr 08 2019 20:11:57 GMT+0800 (GMT+08:00))
(/login.htmlMon Apr 08 2019 20:11:57 GMT+0800 (GMT+08:00))
(/ajax.jsMon Apr 08 2019 20:11:57 GMT+0800 (GMT+08:00))
(/favicon.icoMon Apr 08 2019 20:11:57 GMT+0800 (GMT+08:00))
(/lohtmlMon Apr 08 2019 20:12:04 GMT+0800 (GMT+08:00))
(/login.htmlMon Apr 08 2019 20:12:04 GMT+0800 (GMT+08:00))
(/ajax.jsMon Apr 08 2019 20:12:04 GMT+0800 (GMT+08:00))
(/favicon.icoMon Apr 08 2019 20:12:04 GMT+0800 (GMT+08:00))
(/login.hMon Apr 08 2019 20:12:08 GMT+0800 (GMT+08:00))
(/login.htmlMon Apr 08 2019 20:12:08 GMT+0800 (GMT+08:00))
(/ajax.jsMon Apr 08 2019 20:12:08 GMT+0800 (GMT+08:00))
(/favicon.icoMon Apr 08 2019 20:12:08 GMT+0800 (GMT+08:00))
(/loginMon Apr 08 2019 20:12:15 GMT+0800 (GMT+08:00))
(/login.htmlMon Apr 08 2019 20:13:48 GMT+0800 (GMT+08:00))
(/ajax.jsMon Apr 08 2019 20:13:48 GMT+0800 (GMT+08:00))
(/favicon.icoMon Apr 08 2019 20:13:48 GMT+0800 (GMT+08:00))
(/loginMon Apr 08 2019 20:13:53 GMT+0800 (GMT+08:00))
(/index.htmlMon Apr 08 2019 20:13:55 GMT+0800 (GMT+08:00))
(/favicon.icoMon Apr 08 2019 20:13:55 GMT+0800 (GMT+08:00))
(/favicon.icoMon Apr 08 2019 20:14:25 GMT+0800 (GMT+08:00))
(/loginMon Apr 08 2019 20:14:27 GMT+0800 (GMT+08:00))
(server is running...Fri Apr 12 2019 17:13:18 GMT+0800 (GMT+08:00))
(/index.htmlFri Apr 12 2019 17:13:26 GMT+0800 (GMT+08:00))
(/login.htmlFri Apr 12 2019 17:13:26 GMT+0800 (GMT+08:00))
(/ajax.jsFri Apr 12 2019 17:13:26 GMT+0800 (GMT+08:00))
(/favicon.icoFri Apr 12 2019 17:13:27 GMT+0800 (GMT+08:00))
(server is running...Fri Apr 12 2019 17:14:35 GMT+0800 (GMT+08:00))
(/login.htmlFri Apr 12 2019 17:14:37 GMT+0800 (GMT+08:00))
(/ajax.jsFri Apr 12 2019 17:14:38 GMT+0800 (GMT+08:00))
(/favicon.icoFri Apr 12 2019 17:14:38 GMT+0800 (GMT+08:00))
(/login.htmlFri Apr 12 2019 17:14:58 GMT+0800 (GMT+08:00))
(/ajax.jsFri Apr 12 2019 17:14:58 GMT+0800 (GMT+08:00))
(/favicon.icoFri Apr 12 2019 17:14:59 GMT+0800 (GMT+08:00))
(server is running...Fri Apr 12 2019 17:15:55 GMT+0800 (GMT+08:00))
(server is running...Fri Apr 12 2019 17:16:30 GMT+0800 (GMT+08:00))
(server is running...Fri Apr 12 2019 17:17:55 GMT+0800 (GMT+08:00))
(server is running...Fri Apr 12 2019 17:18:35 GMT+0800 (GMT+08:00))
(/loginFri Apr 12 2019 17:18:41 GMT+0800 (GMT+08:00))
(/favicon.icoFri Apr 12 2019 17:18:41 GMT+0800 (GMT+08:00))
(/index.htmlFri Apr 12 2019 17:19:20 GMT+0800 (GMT+08:00))
(/login.htmlFri Apr 12 2019 17:19:20 GMT+0800 (GMT+08:00))
(/ajax.jsFri Apr 12 2019 17:19:20 GMT+0800 (GMT+08:00))
(/favicon.icoFri Apr 12 2019 17:19:21 GMT+0800 (GMT+08:00))
(/loginFri Apr 12 2019 17:19:25 GMT+0800 (GMT+08:00))
(/favicon.icoFri Apr 12 2019 17:19:25 GMT+0800 (GMT+08:00))
(server is running...Fri Apr 12 2019 17:19:54 GMT+0800 (GMT+08:00))
(/loginFri Apr 12 2019 17:20:00 GMT+0800 (GMT+08:00))
(/favicon.icoFri Apr 12 2019 17:20:00 GMT+0800 (GMT+08:00))
(/login.htmlFri Apr 12 2019 17:20:45 GMT+0800 (GMT+08:00))
(/ajax.jsFri Apr 12 2019 17:20:45 GMT+0800 (GMT+08:00))
(/favicon.icoFri Apr 12 2019 17:20:45 GMT+0800 (GMT+08:00))
(/logFri Apr 12 2019 17:20:48 GMT+0800 (GMT+08:00))
(/login.htmlFri Apr 12 2019 17:20:48 GMT+0800 (GMT+08:00))
(/ajax.jsFri Apr 12 2019 17:20:48 GMT+0800 (GMT+08:00))
(/favicon.icoFri Apr 12 2019 17:20:48 GMT+0800 (GMT+08:00))
(/loginFri Apr 12 2019 17:20:53 GMT+0800 (GMT+08:00))
(/favicon.icoFri Apr 12 2019 17:20:53 GMT+0800 (GMT+08:00))
(server is running...Fri Apr 12 2019 17:21:42 GMT+0800 (GMT+08:00))
(server is running...Fri Apr 12 2019 17:21:45 GMT+0800 (GMT+08:00))
(/loginFri Apr 12 2019 17:22:00 GMT+0800 (GMT+08:00))
(/favicon.icoFri Apr 12 2019 17:22:00 GMT+0800 (GMT+08:00))
(/login.htmlFri Apr 12 2019 17:22:00 GMT+0800 (GMT+08:00))
(/logiFri Apr 12 2019 17:22:03 GMT+0800 (GMT+08:00))
(/login.htmlFri Apr 12 2019 17:22:04 GMT+0800 (GMT+08:00))
(/ajax.jsFri Apr 12 2019 17:22:04 GMT+0800 (GMT+08:00))
(/login.htmlFri Apr 12 2019 17:22:04 GMT+0800 (GMT+08:00))
(/favicon.icoFri Apr 12 2019 17:22:04 GMT+0800 (GMT+08:00))
(/login.htmlFri Apr 12 2019 17:22:04 GMT+0800 (GMT+08:00))
(/loginFri Apr 12 2019 17:22:09 GMT+0800 (GMT+08:00))
(/favicon.icoFri Apr 12 2019 17:22:09 GMT+0800 (GMT+08:00))
(/login.htmlFri Apr 12 2019 17:22:09 GMT+0800 (GMT+08:00))
(server is running...Fri Apr 12 2019 17:22:43 GMT+0800 (GMT+08:00))
(/loginFri Apr 12 2019 17:22:47 GMT+0800 (GMT+08:00))
(/favicon.icoFri Apr 12 2019 17:22:47 GMT+0800 (GMT+08:00))
(/login.htmlFri Apr 12 2019 17:22:47 GMT+0800 (GMT+08:00))
